{"error": "RetryError[<Future at 0x10af274d0 state=finished raised PermissionDenied>]", "traceback": "Traceback (most recent call last):\n  File \"/Users/ram/home2/miniconda3/lib/python3.13/site-packages/tenacity/__init__.py\", line 480, in __call__\n    result = fn(*args, **kwargs)\n  File \"/Volumes/Disk1/Janani/TDS/project2/gemini_worker.py\", line 34, in _generate_content_with_retry\n    return model.generate_content(prompt)\n           ~~~~~~~~~~~~~~~~~~~~~~^^^^^^^^\n  File \"/Users/ram/home2/miniconda3/lib/python3.13/site-packages/google/generativeai/generative_models.py\", line 331, in generate_content\n    response = self._client.generate_content(\n        request,\n        **request_options,\n    )\n  File \"/Users/ram/home2/miniconda3/lib/python3.13/site-packages/google/ai/generativelanguage_v1beta/services/generative_service/client.py\", line 835, in generate_content\n    response = rpc(\n        request,\n    ...<2 lines>...\n        metadata=metadata,\n    )\n  File \"/Users/ram/home2/miniconda3/lib/python3.13/site-packages/google/api_core/gapic_v1/method.py\", line 131, in __call__\n    return wrapped_func(*args, **kwargs)\n  File \"/Users/ram/home2/miniconda3/lib/python3.13/site-packages/google/api_core/retry/retry_unary.py\", line 294, in retry_wrapped_func\n    return retry_target(\n        target,\n    ...<3 lines>...\n        on_error=on_error,\n    )\n  File \"/Users/ram/home2/miniconda3/lib/python3.13/site-packages/google/api_core/retry/retry_unary.py\", line 156, in retry_target\n    next_sleep = _retry_error_helper(\n        exc,\n    ...<6 lines>...\n        timeout,\n    )\n  File \"/Users/ram/home2/miniconda3/lib/python3.13/site-packages/google/api_core/retry/retry_base.py\", line 214, in _retry_error_helper\n    raise final_exc from source_exc\n  File \"/Users/ram/home2/miniconda3/lib/python3.13/site-packages/google/api_core/retry/retry_unary.py\", line 147, in retry_target\n    result = target()\n  File \"/Users/ram/home2/miniconda3/lib/python3.13/site-packages/google/api_core/timeout.py\", line 130, in func_with_timeout\n    return func(*args, **kwargs)\n  File \"/Users/ram/home2/miniconda3/lib/python3.13/site-packages/google/api_core/grpc_helpers.py\", line 77, in error_remapped_callable\n    raise exceptions.from_grpc_error(exc) from exc\ngoogle.api_core.exceptions.PermissionDenied: 403 Your API key was reported as leaked. Please use another API key.\n\nThe above exception was the direct cause of the following exception:\n\nTraceback (most recent call last):\n  File \"/Volumes/Disk1/Janani/TDS/project2/gemini_worker.py\", line 292, in main_async\n    result_json = await generate_plan(\n                  ^^^^^^^^^^^^^^^^^^^^\n    ...<3 lines>...\n    )\n    ^\n  File \"/Volumes/Disk1/Janani/TDS/project2/gemini_worker.py\", line 172, in generate_plan\n    response = _generate_content_with_retry(model, prompt)\n  File \"/Users/ram/home2/miniconda3/lib/python3.13/site-packages/tenacity/__init__.py\", line 338, in wrapped_f\n    return copy(f, *args, **kw)\n  File \"/Users/ram/home2/miniconda3/lib/python3.13/site-packages/tenacity/__init__.py\", line 477, in __call__\n    do = self.iter(retry_state=retry_state)\n  File \"/Users/ram/home2/miniconda3/lib/python3.13/site-packages/tenacity/__init__.py\", line 378, in iter\n    result = action(retry_state)\n  File \"/Users/ram/home2/miniconda3/lib/python3.13/site-packages/tenacity/__init__.py\", line 421, in exc_check\n    raise retry_exc from fut.exception()\ntenacity.RetryError: RetryError[<Future at 0x10af274d0 state=finished raised PermissionDenied>]\n"}
